<?xml version="1.0" encoding="UTF-8"?>
<testsuite xmlns:xsi="http://www.w3.org/2001/XMLSchema-instance" xsi:noNamespaceSchemaLocation="https://maven.apache.org/surefire/maven-surefire-plugin/xsd/surefire-test-report-3.0.xsd" version="3.0" name="com.wms.inventory.domain.entity.StockTest" time="0.088" tests="11" errors="0" skipped="0" failures="0">
  <properties>
[...]
</properties>
  <testcase name="testUnfreezeMoreThanFrozenShouldFail" classname="com.wms.inventory.domain.entity.StockTest" time="0.042"/>
  <testcase name="testFreezeMoreThanAvailableShouldFail" classname="com.wms.inventory.domain.entity.StockTest" time="0.001"/>
  <testcase name="testAllocateMoreThanAvailableShouldFail" classname="com.wms.inventory.domain.entity.StockTest" time="0.002"/>
  <testcase name="testAddStock" classname="com.wms.inventory.domain.entity.StockTest" time="0.002"/>
  <testcase name="testDeductMoreThanOnHandShouldFail" classname="com.wms.inventory.domain.entity.StockTest" time="0.0"/>
  <testcase name="testDeductStock" classname="com.wms.inventory.domain.entity.StockTest" time="0.001"/>
  <testcase name="testDeallocateMoreThanAllocatedShouldFail" classname="com.wms.inventory.domain.entity.StockTest" time="0.001"/>
  <testcase name="testDeallocate" classname="com.wms.inventory.domain.entity.StockTest" time="0.0"/>
  <testcase name="testUnfreezeStock" classname="com.wms.inventory.domain.entity.StockTest" time="0.0"/>
  <testcase name="testFreezeStock" classname="com.wms.inventory.domain.entity.StockTest" time="0.001"/>
  <testcase name="testIsEmpty" classname="com.wms.inventory.domain.entity.StockTest" time="0.001"/>
</testsuite>